# JRE version: OpenJDK Runtime Environment Temurin-17.0.10+7 (17.0.10+7) (build 17.0.10+7)
# Java VM: OpenJDK 64-Bit Server VM Temurin-17.0.10+7 (17.0.10+7, mixed mode, tiered, compressed oops, compressed class ptrs, parallel gc, windows-amd64)
GC Precious Log:
 CPUs: 8 total, 8 available
 Memory: 8017M
 Large Page Support: Disabled
 NUMA Support: Disabled
 Compressed Oops: Enabled (32-bit)
 Alignments: Space 512K, Generation 512K, Heap 2M
 Heap Min Capacity: 100M
 Heap Initial Capacity: 100M
 Heap Max Capacity: 1G
 Pre-touch: Disabled
 Parallel Workers: 8
Heap:
 PSYoungGen      total 23040K, used 5592K [0x00000000eab00000, 0x00000000ec680000, 0x0000000100000000)
  eden space 22016K, 20% used [0x00000000eab00000,0x00000000eaf76d68,0x00000000ec080000)
  from space 1024K, 99% used [0x00000000ec580000,0x00000000ec67f320,0x00000000ec680000)
  to   space 2560K, 0% used [0x00000000ec180000,0x00000000ec180000,0x00000000ec400000)
 ParOldGen       total 68608K, used 39620K [0x00000000c0000000, 0x00000000c4300000, 0x00000000eab00000)
  object space 68608K, 57% used [0x00000000c0000000,0x00000000c26b1190,0x00000000c4300000)
 Metaspace       used 48545K, committed 49344K, reserved 1114112K
  class space    used 4948K, committed 5312K, reserved 1048576K
GC Heap History (20 events):
Event: 6.091 GC heap before
{Heap before GC invocations=15 (full 2):
 PSYoungGen      total 23552K, used 23520K [0x00000000eab00000, 0x00000000eca80000, 0x0000000100000000)
  eden space 22016K, 100% used [0x00000000eab00000,0x00000000ec080000,0x00000000ec080000)
  from space 1536K, 97% used [0x00000000ec580000,0x00000000ec6f8010,0x00000000ec700000)
  to   space 5120K, 0% used [0x00000000ec080000,0x00000000ec080000,0x00000000ec580000)
 ParOldGen       total 68608K, used 17439K [0x00000000c0000000, 0x00000000c4300000, 0x00000000eab00000)
  object space 68608K, 25% used [0x00000000c0000000,0x00000000c1107ed0,0x00000000c4300000)
 Metaspace       used 37709K, committed 38400K, reserved 1114112K
  class space    used 3803K, committed 4096K, reserved 1048576K
}
Event: 6.095 GC heap after
{Heap after GC invocations=15 (full 2):
 PSYoungGen      total 24576K, used 2560K [0x00000000eab00000, 0x00000000ec780000, 0x0000000100000000)
  eden space 22016K, 0% used [0x00000000eab00000,0x00000000eab00000,0x00000000ec080000)
  from space 2560K, 100% used [0x00000000ec080000,0x00000000ec300000,0x00000000ec300000)
  to   space 3584K, 0% used [0x00000000ec400000,0x00000000ec400000,0x00000000ec780000)
 ParOldGen       total 68608K, used 18966K [0x00000000c0000000, 0x00000000c4300000, 0x00000000eab00000)
  object space 68608K, 27% used [0x00000000c0000000,0x00000000c1285a88,0x00000000c4300000)
 Metaspace       used 37709K, committed 38400K, reserved 1114112K
  class space    used 3803K, committed 4096K, reserved 1048576K
}
Event: 6.176 GC heap before
{Heap before GC invocations=16 (full 2):
 PSYoungGen      total 24576K, used 24576K [0x00000000eab00000, 0x00000000ec780000, 0x0000000100000000)
  eden space 22016K, 100% used [0x00000000eab00000,0x00000000ec080000,0x00000000ec080000)
  from space 2560K, 100% used [0x00000000ec080000,0x00000000ec300000,0x00000000ec300000)
  to   space 3584K, 0% used [0x00000000ec400000,0x00000000ec400000,0x00000000ec780000)
 ParOldGen       total 68608K, used 18966K [0x00000000c0000000, 0x00000000c4300000, 0x00000000eab00000)
  object space 68608K, 27% used [0x00000000c0000000,0x00000000c1285a88,0x00000000c4300000)
 Metaspace       used 37710K, committed 38400K, reserved 1114112K
  class space    used 3803K, committed 4096K, reserved 1048576K
}
Event: 6.182 GC heap after
{Heap after GC invocations=16 (full 2):
 PSYoungGen      total 25088K, used 2688K [0x00000000eab00000, 0x00000000ec700000, 0x0000000100000000)
  eden space 22016K, 0% used [0x00000000eab00000,0x00000000eab00000,0x00000000ec080000)
  from space 3072K, 87% used [0x00000000ec400000,0x00000000ec6a0010,0x00000000ec700000)
  to   space 3072K, 0% used [0x00000000ec100000,0x00000000ec100000,0x00000000ec400000)
 ParOldGen       total 68608K, used 21342K [0x00000000c0000000, 0x00000000c4300000, 0x00000000eab00000)
  object space 68608K, 31% used [0x00000000c0000000,0x00000000c14d7a88,0x00000000c4300000)
 Metaspace       used 37710K, committed 38400K, reserved 1114112K
  class space    used 3803K, committed 4096K, reserved 1048576K
}
Event: 6.636 GC heap before
{Heap before GC invocations=17 (full 2):
 PSYoungGen      total 25088K, used 24682K [0x00000000eab00000, 0x00000000ec700000, 0x0000000100000000)
  eden space 22016K, 99% used [0x00000000eab00000,0x00000000ec07a988,0x00000000ec080000)
  from space 3072K, 87% used [0x00000000ec400000,0x00000000ec6a0010,0x00000000ec700000)
  to   space 3072K, 0% used [0x00000000ec100000,0x00000000ec100000,0x00000000ec400000)
 ParOldGen       total 68608K, used 21342K [0x00000000c0000000, 0x00000000c4300000, 0x00000000eab00000)
  object space 68608K, 31% used [0x00000000c0000000,0x00000000c14d7a88,0x00000000c4300000)
 Metaspace       used 38812K, committed 39488K, reserved 1114112K
  class space    used 3918K, committed 4224K, reserved 1048576K
}
Event: 6.642 GC heap after
{Heap after GC invocations=17 (full 2):
 PSYoungGen      total 25088K, used 3048K [0x00000000eab00000, 0x00000000ece80000, 0x0000000100000000)
  eden space 22016K, 0% used [0x00000000eab00000,0x00000000eab00000,0x00000000ec080000)
  from space 3072K, 99% used [0x00000000ec100000,0x00000000ec3fa1b0,0x00000000ec400000)
  to   space 7168K, 0% used [0x00000000ec780000,0x00000000ec780000,0x00000000ece80000)
 ParOldGen       total 68608K, used 24494K [0x00000000c0000000, 0x00000000c4300000, 0x00000000eab00000)
  object space 68608K, 35% used [0x00000000c0000000,0x00000000c17eba98,0x00000000c4300000)
 Metaspace       used 38812K, committed 39488K, reserved 1114112K
  class space    used 3918K, committed 4224K, reserved 1048576K
}
Event: 7.280 GC heap before
{Heap before GC invocations=18 (full 2):
 PSYoungGen      total 25088K, used 25034K [0x00000000eab00000, 0x00000000ece80000, 0x0000000100000000)
  eden space 22016K, 99% used [0x00000000eab00000,0x00000000ec0788a0,0x00000000ec080000)
  from space 3072K, 99% used [0x00000000ec100000,0x00000000ec3fa1b0,0x00000000ec400000)
  to   space 7168K, 0% used [0x00000000ec780000,0x00000000ec780000,0x00000000ece80000)
 ParOldGen       total 68608K, used 24494K [0x00000000c0000000, 0x00000000c4300000, 0x00000000eab00000)
  object space 68608K, 35% used [0x00000000c0000000,0x00000000c17eba98,0x00000000c4300000)
 Metaspace       used 40446K, committed 41152K, reserved 1114112K
  class space    used 4158K, committed 4480K, reserved 1048576K
}
Event: 7.283 GC heap after
{Heap after GC invocations=18 (full 2):
 PSYoungGen      total 23040K, used 935K [0x00000000eab00000, 0x00000000ec880000, 0x0000000100000000)
  eden space 22016K, 0% used [0x00000000eab00000,0x00000000eab00000,0x00000000ec080000)
  from space 1024K, 91% used [0x00000000ec780000,0x00000000ec869d68,0x00000000ec880000)
  to   space 3072K, 0% used [0x00000000ec280000,0x00000000ec280000,0x00000000ec580000)
 ParOldGen       total 68608K, used 27458K [0x00000000c0000000, 0x00000000c4300000, 0x00000000eab00000)
  object space 68608K, 40% used [0x00000000c0000000,0x00000000c1ad0a98,0x00000000c4300000)
 Metaspace       used 40446K, committed 41152K, reserved 1114112K
  class space    used 4158K, committed 4480K, reserved 1048576K
}
Event: 7.650 GC heap before
{Heap before GC invocations=19 (full 2):
 PSYoungGen      total 23040K, used 22839K [0x00000000eab00000, 0x00000000ec880000, 0x0000000100000000)
  eden space 22016K, 99% used [0x00000000eab00000,0x00000000ec0640d0,0x00000000ec080000)
  from space 1024K, 91% used [0x00000000ec780000,0x00000000ec869d68,0x00000000ec880000)
  to   space 3072K, 0% used [0x00000000ec280000,0x00000000ec280000,0x00000000ec580000)
 ParOldGen       total 68608K, used 27458K [0x00000000c0000000, 0x00000000c4300000, 0x00000000eab00000)
  object space 68608K, 40% used [0x00000000c0000000,0x00000000c1ad0a98,0x00000000c4300000)
 Metaspace       used 41967K, committed 42688K, reserved 1114112K
  class space    used 4288K, committed 4608K, reserved 1048576K
}
Event: 7.653 GC heap after
{Heap after GC invocations=19 (full 2):
 PSYoungGen      total 25088K, used 1460K [0x00000000eab00000, 0x00000000ec800000, 0x0000000100000000)
  eden space 22016K, 0% used [0x00000000eab00000,0x00000000eab00000,0x00000000ec080000)
  from space 3072K, 47% used [0x00000000ec280000,0x00000000ec3ed140,0x00000000ec580000)
  to   space 2048K, 0% used [0x00000000ec600000,0x00000000ec600000,0x00000000ec800000)
 ParOldGen       total 68608K, used 28259K [0x00000000c0000000, 0x00000000c4300000, 0x00000000eab00000)
  object space 68608K, 41% used [0x00000000c0000000,0x00000000c1b98eb8,0x00000000c4300000)
 Metaspace       used 41967K, committed 42688K, reserved 1114112K
  class space    used 4288K, committed 4608K, reserved 1048576K
}
Event: 7.854 GC heap before
{Heap before GC invocations=20 (full 2):
 PSYoungGen      total 25088K, used 23476K [0x00000000eab00000, 0x00000000ec800000, 0x0000000100000000)
  eden space 22016K, 100% used [0x00000000eab00000,0x00000000ec080000,0x00000000ec080000)
  from space 3072K, 47% used [0x00000000ec280000,0x00000000ec3ed140,0x00000000ec580000)
  to   space 2048K, 0% used [0x00000000ec600000,0x00000000ec600000,0x00000000ec800000)
 ParOldGen       total 68608K, used 28259K [0x00000000c0000000, 0x00000000c4300000, 0x00000000eab00000)
  object space 68608K, 41% used [0x00000000c0000000,0x00000000c1b98eb8,0x00000000c4300000)
 Metaspace       used 42005K, committed 42752K, reserved 1114112K
  class space    used 4288K, committed 4608K, reserved 1048576K
}
Event: 7.855 GC heap after
{Heap after GC invocations=20 (full 2):
 PSYoungGen      total 23552K, used 1133K [0x00000000eab00000, 0x00000000ec780000, 0x0000000100000000)
  eden space 22016K, 0% used [0x00000000eab00000,0x00000000eab00000,0x00000000ec080000)
  from space 1536K, 73% used [0x00000000ec600000,0x00000000ec71b6f0,0x00000000ec780000)
  to   space 1536K, 0% used [0x00000000ec480000,0x00000000ec480000,0x00000000ec600000)
 ParOldGen       total 68608K, used 28906K [0x00000000c0000000, 0x00000000c4300000, 0x00000000eab00000)
  object space 68608K, 42% used [0x00000000c0000000,0x00000000c1c3ab08,0x00000000c4300000)
 Metaspace       used 42005K, committed 42752K, reserved 1114112K
  class space    used 4288K, committed 4608K, reserved 1048576K
}
Event: 8.360 GC heap before
{Heap before GC invocations=21 (full 2):
 PSYoungGen      total 23552K, used 23149K [0x00000000eab00000, 0x00000000ec780000, 0x0000000100000000)
  eden space 22016K, 100% used [0x00000000eab00000,0x00000000ec080000,0x00000000ec080000)
  from space 1536K, 73% used [0x00000000ec600000,0x00000000ec71b6f0,0x00000000ec780000)
  to   space 1536K, 0% used [0x00000000ec480000,0x00000000ec480000,0x00000000ec600000)
 ParOldGen       total 68608K, used 28906K [0x00000000c0000000, 0x00000000c4300000, 0x00000000eab00000)
  object space 68608K, 42% used [0x00000000c0000000,0x00000000c1c3ab08,0x00000000c4300000)
 Metaspace       used 44480K, committed 45248K, reserved 1114112K
  class space    used 4497K, committed 4864K, reserved 1048576K
}
Event: 8.361 GC heap after
{Heap after GC invocations=21 (full 2):
 PSYoungGen      total 22528K, used 448K [0x00000000eab00000, 0x00000000ec680000, 0x0000000100000000)
  eden space 22016K, 0% used [0x00000000eab00000,0x00000000eab00000,0x00000000ec080000)
  from space 512K, 87% used [0x00000000ec480000,0x00000000ec4f0000,0x00000000ec500000)
  to   space 1024K, 0% used [0x00000000ec580000,0x00000000ec580000,0x00000000ec680000)
 ParOldGen       total 68608K, used 28938K [0x00000000c0000000, 0x00000000c4300000, 0x00000000eab00000)
  object space 68608K, 42% used [0x00000000c0000000,0x00000000c1c42b08,0x00000000c4300000)
 Metaspace       used 44480K, committed 45248K, reserved 1114112K
  class space    used 4497K, committed 4864K, reserved 1048576K
}
Event: 9.191 GC heap before
{Heap before GC invocations=22 (full 2):
 PSYoungGen      total 22528K, used 22464K [0x00000000eab00000, 0x00000000ec680000, 0x0000000100000000)
  eden space 22016K, 100% used [0x00000000eab00000,0x00000000ec080000,0x00000000ec080000)
  from space 512K, 87% used [0x00000000ec480000,0x00000000ec4f0000,0x00000000ec500000)
  to   space 1024K, 0% used [0x00000000ec580000,0x00000000ec580000,0x00000000ec680000)
 ParOldGen       total 68608K, used 28938K [0x00000000c0000000, 0x00000000c4300000, 0x00000000eab00000)
  object space 68608K, 42% used [0x00000000c0000000,0x00000000c1c42b08,0x00000000c4300000)
 Metaspace       used 47199K, committed 48000K, reserved 1114112K
  class space    used 4803K, committed 5184K, reserved 1048576K
}
Event: 9.196 GC heap after
{Heap after GC invocations=22 (full 2):
 PSYoungGen      total 23040K, used 999K [0x00000000eab00000, 0x00000000ec680000, 0x0000000100000000)
  eden space 22016K, 0% used [0x00000000eab00000,0x00000000eab00000,0x00000000ec080000)
  from space 1024K, 97% used [0x00000000ec580000,0x00000000ec679ca0,0x00000000ec680000)
  to   space 2560K, 0% used [0x00000000ec180000,0x00000000ec180000,0x00000000ec400000)
 ParOldGen       total 68608K, used 30159K [0x00000000c0000000, 0x00000000c4300000, 0x00000000eab00000)
  object space 68608K, 43% used [0x00000000c0000000,0x00000000c1d73fa8,0x00000000c4300000)
 Metaspace       used 47199K, committed 48000K, reserved 1114112K
  class space    used 4803K, committed 5184K, reserved 1048576K
}
Event: 9.738 GC heap before
{Heap before GC invocations=23 (full 2):
 PSYoungGen      total 23040K, used 23015K [0x00000000eab00000, 0x00000000ec680000, 0x0000000100000000)
  eden space 22016K, 100% used [0x00000000eab00000,0x00000000ec080000,0x00000000ec080000)
  from space 1024K, 97% used [0x00000000ec580000,0x00000000ec679ca0,0x00000000ec680000)
  to   space 2560K, 0% used [0x00000000ec180000,0x00000000ec180000,0x00000000ec400000)
 ParOldGen       total 68608K, used 30159K [0x00000000c0000000, 0x00000000c4300000, 0x00000000eab00000)
  object space 68608K, 43% used [0x00000000c0000000,0x00000000c1d73fa8,0x00000000c4300000)
 Metaspace       used 47489K, committed 48320K, reserved 1114112K
  class space    used 4821K, committed 5184K, reserved 1048576K
}
Event: 9.747 GC heap after
{Heap after GC invocations=23 (full 2):
 PSYoungGen      total 24576K, used 2556K [0x00000000eab00000, 0x00000000ec680000, 0x0000000100000000)
  eden space 22016K, 0% used [0x00000000eab00000,0x00000000eab00000,0x00000000ec080000)
  from space 2560K, 99% used [0x00000000ec180000,0x00000000ec3ff258,0x00000000ec400000)
  to   space 1024K, 0% used [0x00000000ec580000,0x00000000ec580000,0x00000000ec680000)
 ParOldGen       total 68608K, used 34362K [0x00000000c0000000, 0x00000000c4300000, 0x00000000eab00000)
  object space 68608K, 50% used [0x00000000c0000000,0x00000000c218eae0,0x00000000c4300000)
 Metaspace       used 47489K, committed 48320K, reserved 1114112K
  class space    used 4821K, committed 5184K, reserved 1048576K
}
Event: 10.082 GC heap before
{Heap before GC invocations=24 (full 2):
 PSYoungGen      total 24576K, used 24572K [0x00000000eab00000, 0x00000000ec680000, 0x0000000100000000)
  eden space 22016K, 100% used [0x00000000eab00000,0x00000000ec080000,0x00000000ec080000)
  from space 2560K, 99% used [0x00000000ec180000,0x00000000ec3ff258,0x00000000ec400000)
  to   space 1024K, 0% used [0x00000000ec580000,0x00000000ec580000,0x00000000ec680000)
 ParOldGen       total 68608K, used 34362K [0x00000000c0000000, 0x00000000c4300000, 0x00000000eab00000)
  object space 68608K, 50% used [0x00000000c0000000,0x00000000c218eae0,0x00000000c4300000)
 Metaspace       used 48150K, committed 49024K, reserved 1114112K
  class space    used 4874K, committed 5248K, reserved 1048576K
}
Event: 10.090 GC heap after
{Heap after GC invocations=24 (full 2):
 PSYoungGen      total 23040K, used 1020K [0x00000000eab00000, 0x00000000ec680000, 0x0000000100000000)
  eden space 22016K, 0% used [0x00000000eab00000,0x00000000eab00000,0x00000000ec080000)
  from space 1024K, 99% used [0x00000000ec580000,0x00000000ec67f320,0x00000000ec680000)
  to   space 2560K, 0% used [0x00000000ec180000,0x00000000ec180000,0x00000000ec400000)
 ParOldGen       total 68608K, used 39620K [0x00000000c0000000, 0x00000000c4300000, 0x00000000eab00000)
  object space 68608K, 57% used [0x00000000c0000000,0x00000000c26b1190,0x00000000c4300000)
 Metaspace       used 48150K, committed 49024K, reserved 1114112K
  class space    used 4874K, committed 5248K, reserved 1048576K
}

