# JRE version: OpenJDK Runtime Environment Temurin-17.0.10+7 (17.0.10+7) (build 17.0.10+7)
# Java VM: OpenJDK 64-Bit Server VM Temurin-17.0.10+7 (17.0.10+7, mixed mode, tiered, compressed oops, compressed class ptrs, parallel gc, windows-amd64)
GC Precious Log:
 CPUs: 8 total, 8 available
 Memory: 8017M
 Large Page Support: Disabled
 NUMA Support: Disabled
 Compressed Oops: Enabled (32-bit)
 Alignments: Space 512K, Generation 512K, Heap 2M
 Heap Min Capacity: 100M
 Heap Initial Capacity: 100M
 Heap Max Capacity: 1G
 Pre-touch: Disabled
 Parallel Workers: 8
Heap:
 PSYoungGen      total 23552K, used 10271K [0x00000000eab00000, 0x00000000ec580000, 0x0000000100000000)
  eden space 22016K, 40% used [0x00000000eab00000,0x00000000eb3a2910,0x00000000ec080000)
  from space 1536K, 93% used [0x00000000ec400000,0x00000000ec565430,0x00000000ec580000)
  to   space 1536K, 0% used [0x00000000ec280000,0x00000000ec280000,0x00000000ec400000)
 ParOldGen       total 68608K, used 62754K [0x00000000c0000000, 0x00000000c4300000, 0x00000000eab00000)
  object space 68608K, 91% used [0x00000000c0000000,0x00000000c3d488a8,0x00000000c4300000)
 Metaspace       used 64910K, committed 66048K, reserved 1114112K
  class space    used 6941K, committed 7424K, reserved 1048576K
GC Heap History (20 events):
Event: 10.579 GC heap before
{Heap before GC invocations=28 (full 2):
 PSYoungGen      total 24064K, used 23683K [0x00000000eab00000, 0x00000000ec500000, 0x0000000100000000)
  eden space 22016K, 100% used [0x00000000eab00000,0x00000000ec080000,0x00000000ec080000)
  from space 2048K, 81% used [0x00000000ec180000,0x00000000ec320f68,0x00000000ec380000)
  to   space 1536K, 0% used [0x00000000ec380000,0x00000000ec380000,0x00000000ec500000)
 ParOldGen       total 68608K, used 36682K [0x00000000c0000000, 0x00000000c4300000, 0x00000000eab00000)
  object space 68608K, 53% used [0x00000000c0000000,0x00000000c23d2a48,0x00000000c4300000)
 Metaspace       used 56760K, committed 57792K, reserved 1114112K
  class space    used 6128K, committed 6592K, reserved 1048576K
}
Event: 10.581 GC heap after
{Heap after GC invocations=28 (full 2):
 PSYoungGen      total 23040K, used 872K [0x00000000eab00000, 0x00000000ec480000, 0x0000000100000000)
  eden space 22016K, 0% used [0x00000000eab00000,0x00000000eab00000,0x00000000ec080000)
  from space 1024K, 85% used [0x00000000ec380000,0x00000000ec45a368,0x00000000ec480000)
  to   space 1536K, 0% used [0x00000000ec180000,0x00000000ec180000,0x00000000ec300000)
 ParOldGen       total 68608K, used 37489K [0x00000000c0000000, 0x00000000c4300000, 0x00000000eab00000)
  object space 68608K, 54% used [0x00000000c0000000,0x00000000c249c4c0,0x00000000c4300000)
 Metaspace       used 56760K, committed 57792K, reserved 1114112K
  class space    used 6128K, committed 6592K, reserved 1048576K
}
Event: 10.976 GC heap before
{Heap before GC invocations=29 (full 2):
 PSYoungGen      total 23040K, used 22888K [0x00000000eab00000, 0x00000000ec480000, 0x0000000100000000)
  eden space 22016K, 100% used [0x00000000eab00000,0x00000000ec080000,0x00000000ec080000)
  from space 1024K, 85% used [0x00000000ec380000,0x00000000ec45a368,0x00000000ec480000)
  to   space 1536K, 0% used [0x00000000ec180000,0x00000000ec180000,0x00000000ec300000)
 ParOldGen       total 68608K, used 37489K [0x00000000c0000000, 0x00000000c4300000, 0x00000000eab00000)
  object space 68608K, 54% used [0x00000000c0000000,0x00000000c249c4c0,0x00000000c4300000)
 Metaspace       used 58675K, committed 59712K, reserved 1114112K
  class space    used 6293K, committed 6720K, reserved 1048576K
}
Event: 10.979 GC heap after
{Heap after GC invocations=29 (full 2):
 PSYoungGen      total 23552K, used 704K [0x00000000eab00000, 0x00000000ec400000, 0x0000000100000000)
  eden space 22016K, 0% used [0x00000000eab00000,0x00000000eab00000,0x00000000ec080000)
  from space 1536K, 45% used [0x00000000ec180000,0x00000000ec230040,0x00000000ec300000)
  to   space 1024K, 0% used [0x00000000ec300000,0x00000000ec300000,0x00000000ec400000)
 ParOldGen       total 68608K, used 37513K [0x00000000c0000000, 0x00000000c4300000, 0x00000000eab00000)
  object space 68608K, 54% used [0x00000000c0000000,0x00000000c24a24c0,0x00000000c4300000)
 Metaspace       used 58675K, committed 59712K, reserved 1114112K
  class space    used 6293K, committed 6720K, reserved 1048576K
}
Event: 11.076 GC heap before
{Heap before GC invocations=30 (full 2):
 PSYoungGen      total 23552K, used 2551K [0x00000000eab00000, 0x00000000ec400000, 0x0000000100000000)
  eden space 22016K, 8% used [0x00000000eab00000,0x00000000eaccdf28,0x00000000ec080000)
  from space 1536K, 45% used [0x00000000ec180000,0x00000000ec230040,0x00000000ec300000)
  to   space 1024K, 0% used [0x00000000ec300000,0x00000000ec300000,0x00000000ec400000)
 ParOldGen       total 68608K, used 37513K [0x00000000c0000000, 0x00000000c4300000, 0x00000000eab00000)
  object space 68608K, 54% used [0x00000000c0000000,0x00000000c24a24c0,0x00000000c4300000)
 Metaspace       used 58803K, committed 59776K, reserved 1114112K
  class space    used 6310K, committed 6720K, reserved 1048576K
}
Event: 11.078 GC heap after
{Heap after GC invocations=30 (full 2):
 PSYoungGen      total 23040K, used 941K [0x00000000eab00000, 0x00000000ec400000, 0x0000000100000000)
  eden space 22016K, 0% used [0x00000000eab00000,0x00000000eab00000,0x00000000ec080000)
  from space 1024K, 91% used [0x00000000ec300000,0x00000000ec3eb510,0x00000000ec400000)
  to   space 1024K, 0% used [0x00000000ec200000,0x00000000ec200000,0x00000000ec300000)
 ParOldGen       total 68608K, used 37981K [0x00000000c0000000, 0x00000000c4300000, 0x00000000eab00000)
  object space 68608K, 55% used [0x00000000c0000000,0x00000000c2517788,0x00000000c4300000)
 Metaspace       used 58803K, committed 59776K, reserved 1114112K
  class space    used 6310K, committed 6720K, reserved 1048576K
}
Event: 11.078 GC heap before
{Heap before GC invocations=31 (full 3):
 PSYoungGen      total 23040K, used 941K [0x00000000eab00000, 0x00000000ec400000, 0x0000000100000000)
  eden space 22016K, 0% used [0x00000000eab00000,0x00000000eab00000,0x00000000ec080000)
  from space 1024K, 91% used [0x00000000ec300000,0x00000000ec3eb510,0x00000000ec400000)
  to   space 1024K, 0% used [0x00000000ec200000,0x00000000ec200000,0x00000000ec300000)
 ParOldGen       total 68608K, used 37981K [0x00000000c0000000, 0x00000000c4300000, 0x00000000eab00000)
  object space 68608K, 55% used [0x00000000c0000000,0x00000000c2517788,0x00000000c4300000)
 Metaspace       used 58803K, committed 59776K, reserved 1114112K
  class space    used 6310K, committed 6720K, reserved 1048576K
}
Event: 11.174 GC heap after
{Heap after GC invocations=31 (full 3):
 PSYoungGen      total 23040K, used 0K [0x00000000eab00000, 0x00000000ec400000, 0x0000000100000000)
  eden space 22016K, 0% used [0x00000000eab00000,0x00000000eab00000,0x00000000ec080000)
  from space 1024K, 0% used [0x00000000ec300000,0x00000000ec300000,0x00000000ec400000)
  to   space 1024K, 0% used [0x00000000ec200000,0x00000000ec200000,0x00000000ec300000)
 ParOldGen       total 68608K, used 32340K [0x00000000c0000000, 0x00000000c4300000, 0x00000000eab00000)
  object space 68608K, 47% used [0x00000000c0000000,0x00000000c1f95200,0x00000000c4300000)
 Metaspace       used 58790K, committed 59776K, reserved 1114112K
  class space    used 6306K, committed 6720K, reserved 1048576K
}
Event: 11.525 GC heap before
{Heap before GC invocations=32 (full 3):
 PSYoungGen      total 23040K, used 22015K [0x00000000eab00000, 0x00000000ec400000, 0x0000000100000000)
  eden space 22016K, 99% used [0x00000000eab00000,0x00000000ec07fff8,0x00000000ec080000)
  from space 1024K, 0% used [0x00000000ec300000,0x00000000ec300000,0x00000000ec400000)
  to   space 1024K, 0% used [0x00000000ec200000,0x00000000ec200000,0x00000000ec300000)
 ParOldGen       total 68608K, used 32340K [0x00000000c0000000, 0x00000000c4300000, 0x00000000eab00000)
  object space 68608K, 47% used [0x00000000c0000000,0x00000000c1f95200,0x00000000c4300000)
 Metaspace       used 60941K, committed 62016K, reserved 1114112K
  class space    used 6539K, committed 7040K, reserved 1048576K
}
Event: 11.526 GC heap after
{Heap after GC invocations=32 (full 3):
 PSYoungGen      total 23040K, used 896K [0x00000000eab00000, 0x00000000ec380000, 0x0000000100000000)
  eden space 22016K, 0% used [0x00000000eab00000,0x00000000eab00000,0x00000000ec080000)
  from space 1024K, 87% used [0x00000000ec200000,0x00000000ec2e0020,0x00000000ec300000)
  to   space 512K, 0% used [0x00000000ec300000,0x00000000ec300000,0x00000000ec380000)
 ParOldGen       total 68608K, used 32348K [0x00000000c0000000, 0x00000000c4300000, 0x00000000eab00000)
  object space 68608K, 47% used [0x00000000c0000000,0x00000000c1f97200,0x00000000c4300000)
 Metaspace       used 60941K, committed 62016K, reserved 1114112K
  class space    used 6539K, committed 7040K, reserved 1048576K
}
Event: 11.600 GC heap before
{Heap before GC invocations=33 (full 3):
 PSYoungGen      total 23040K, used 22912K [0x00000000eab00000, 0x00000000ec380000, 0x0000000100000000)
  eden space 22016K, 100% used [0x00000000eab00000,0x00000000ec080000,0x00000000ec080000)
  from space 1024K, 87% used [0x00000000ec200000,0x00000000ec2e0020,0x00000000ec300000)
  to   space 512K, 0% used [0x00000000ec300000,0x00000000ec300000,0x00000000ec380000)
 ParOldGen       total 68608K, used 32348K [0x00000000c0000000, 0x00000000c4300000, 0x00000000eab00000)
  object space 68608K, 47% used [0x00000000c0000000,0x00000000c1f97200,0x00000000c4300000)
 Metaspace       used 61195K, committed 62272K, reserved 1114112K
  class space    used 6567K, committed 7104K, reserved 1048576K
}
Event: 11.602 GC heap after
{Heap after GC invocations=33 (full 3):
 PSYoungGen      total 22528K, used 512K [0x00000000eab00000, 0x00000000ec580000, 0x0000000100000000)
  eden space 22016K, 0% used [0x00000000eab00000,0x00000000eab00000,0x00000000ec080000)
  from space 512K, 100% used [0x00000000ec300000,0x00000000ec380000,0x00000000ec380000)
  to   space 2560K, 0% used [0x00000000ec080000,0x00000000ec080000,0x00000000ec300000)
 ParOldGen       total 68608K, used 34087K [0x00000000c0000000, 0x00000000c4300000, 0x00000000eab00000)
  object space 68608K, 49% used [0x00000000c0000000,0x00000000c2149de8,0x00000000c4300000)
 Metaspace       used 61195K, committed 62272K, reserved 1114112K
  class space    used 6567K, committed 7104K, reserved 1048576K
}
Event: 11.736 GC heap before
{Heap before GC invocations=34 (full 3):
 PSYoungGen      total 22528K, used 22528K [0x00000000eab00000, 0x00000000ec580000, 0x0000000100000000)
  eden space 22016K, 100% used [0x00000000eab00000,0x00000000ec080000,0x00000000ec080000)
  from space 512K, 100% used [0x00000000ec300000,0x00000000ec380000,0x00000000ec380000)
  to   space 2560K, 0% used [0x00000000ec080000,0x00000000ec080000,0x00000000ec300000)
 ParOldGen       total 68608K, used 34087K [0x00000000c0000000, 0x00000000c4300000, 0x00000000eab00000)
  object space 68608K, 49% used [0x00000000c0000000,0x00000000c2149de8,0x00000000c4300000)
 Metaspace       used 62289K, committed 63424K, reserved 1114112K
  class space    used 6646K, committed 7168K, reserved 1048576K
}
Event: 11.742 GC heap after
{Heap after GC invocations=34 (full 3):
 PSYoungGen      total 24576K, used 2553K [0x00000000eab00000, 0x00000000ec980000, 0x0000000100000000)
  eden space 22016K, 0% used [0x00000000eab00000,0x00000000eab00000,0x00000000ec080000)
  from space 2560K, 99% used [0x00000000ec080000,0x00000000ec2fe490,0x00000000ec300000)
  to   space 4608K, 0% used [0x00000000ec500000,0x00000000ec500000,0x00000000ec980000)
 ParOldGen       total 68608K, used 35465K [0x00000000c0000000, 0x00000000c4300000, 0x00000000eab00000)
  object space 68608K, 51% used [0x00000000c0000000,0x00000000c22a24e8,0x00000000c4300000)
 Metaspace       used 62289K, committed 63424K, reserved 1114112K
  class space    used 6646K, committed 7168K, reserved 1048576K
}
Event: 11.847 GC heap before
{Heap before GC invocations=35 (full 3):
 PSYoungGen      total 24576K, used 24569K [0x00000000eab00000, 0x00000000ec980000, 0x0000000100000000)
  eden space 22016K, 100% used [0x00000000eab00000,0x00000000ec080000,0x00000000ec080000)
  from space 2560K, 99% used [0x00000000ec080000,0x00000000ec2fe490,0x00000000ec300000)
  to   space 4608K, 0% used [0x00000000ec500000,0x00000000ec500000,0x00000000ec980000)
 ParOldGen       total 68608K, used 35465K [0x00000000c0000000, 0x00000000c4300000, 0x00000000eab00000)
  object space 68608K, 51% used [0x00000000c0000000,0x00000000c22a24e8,0x00000000c4300000)
 Metaspace       used 63000K, committed 64128K, reserved 1114112K
  class space    used 6722K, committed 7232K, reserved 1048576K
}
Event: 11.851 GC heap after
{Heap after GC invocations=35 (full 3):
 PSYoungGen      total 23040K, used 898K [0x00000000eab00000, 0x00000000ec600000, 0x0000000100000000)
  eden space 22016K, 0% used [0x00000000eab00000,0x00000000eab00000,0x00000000ec080000)
  from space 1024K, 87% used [0x00000000ec500000,0x00000000ec5e0bb8,0x00000000ec600000)
  to   space 2048K, 0% used [0x00000000ec200000,0x00000000ec200000,0x00000000ec400000)
 ParOldGen       total 68608K, used 38017K [0x00000000c0000000, 0x00000000c4300000, 0x00000000eab00000)
  object space 68608K, 55% used [0x00000000c0000000,0x00000000c2520420,0x00000000c4300000)
 Metaspace       used 63000K, committed 64128K, reserved 1114112K
  class space    used 6722K, committed 7232K, reserved 1048576K
}
Event: 11.970 GC heap before
{Heap before GC invocations=36 (full 3):
 PSYoungGen      total 23040K, used 22914K [0x00000000eab00000, 0x00000000ec600000, 0x0000000100000000)
  eden space 22016K, 100% used [0x00000000eab00000,0x00000000ec080000,0x00000000ec080000)
  from space 1024K, 87% used [0x00000000ec500000,0x00000000ec5e0bb8,0x00000000ec600000)
  to   space 2048K, 0% used [0x00000000ec200000,0x00000000ec200000,0x00000000ec400000)
 ParOldGen       total 68608K, used 38017K [0x00000000c0000000, 0x00000000c4300000, 0x00000000eab00000)
  object space 68608K, 55% used [0x00000000c0000000,0x00000000c2520420,0x00000000c4300000)
 Metaspace       used 63779K, committed 64896K, reserved 1114112K
  class space    used 6814K, committed 7296K, reserved 1048576K
}
Event: 11.973 GC heap after
{Heap after GC invocations=36 (full 3):
 PSYoungGen      total 24064K, used 1090K [0x00000000eab00000, 0x00000000ec580000, 0x0000000100000000)
  eden space 22016K, 0% used [0x00000000eab00000,0x00000000eab00000,0x00000000ec080000)
  from space 2048K, 53% used [0x00000000ec200000,0x00000000ec310a50,0x00000000ec400000)
  to   space 1536K, 0% used [0x00000000ec400000,0x00000000ec400000,0x00000000ec580000)
 ParOldGen       total 68608K, used 39937K [0x00000000c0000000, 0x00000000c4300000, 0x00000000eab00000)
  object space 68608K, 58% used [0x00000000c0000000,0x00000000c27007a0,0x00000000c4300000)
 Metaspace       used 63779K, committed 64896K, reserved 1114112K
  class space    used 6814K, committed 7296K, reserved 1048576K
}
Event: 12.148 GC heap before
{Heap before GC invocations=37 (full 3):
 PSYoungGen      total 24064K, used 23037K [0x00000000eab00000, 0x00000000ec580000, 0x0000000100000000)
  eden space 22016K, 99% used [0x00000000eab00000,0x00000000ec06ebe8,0x00000000ec080000)
  from space 2048K, 53% used [0x00000000ec200000,0x00000000ec310a50,0x00000000ec400000)
  to   space 1536K, 0% used [0x00000000ec400000,0x00000000ec400000,0x00000000ec580000)
 ParOldGen       total 68608K, used 40056K [0x00000000c0000000, 0x00000000c4300000, 0x00000000eab00000)
  object space 68608K, 58% used [0x00000000c0000000,0x00000000c271e3b8,0x00000000c4300000)
 Metaspace       used 64732K, committed 65856K, reserved 1114112K
  class space    used 6926K, committed 7424K, reserved 1048576K
}
Event: 12.154 GC heap after
{Heap after GC invocations=37 (full 3):
 PSYoungGen      total 23552K, used 1429K [0x00000000eab00000, 0x00000000ec580000, 0x0000000100000000)
  eden space 22016K, 0% used [0x00000000eab00000,0x00000000eab00000,0x00000000ec080000)
  from space 1536K, 93% used [0x00000000ec400000,0x00000000ec565430,0x00000000ec580000)
  to   space 1536K, 0% used [0x00000000ec280000,0x00000000ec280000,0x00000000ec400000)
 ParOldGen       total 68608K, used 47434K [0x00000000c0000000, 0x00000000c4300000, 0x00000000eab00000)
  object space 68608K, 69% used [0x00000000c0000000,0x00000000c2e52898,0x00000000c4300000)
 Metaspace       used 64732K, committed 65856K, reserved 1114112K
  class space    used 6926K, committed 7424K, reserved 1048576K
}

